<?xml version="1.0" encoding="UTF-8"?>
<testsuite xmlns:xsi="http://www.w3.org/2001/XMLSchema-instance" xsi:noNamespaceSchemaLocation="https://maven.apache.org/surefire/maven-surefire-plugin/xsd/surefire-test-report-3.0.xsd" version="3.0" name="ac.il.bgu.qa.TestLibrary" time="2.628" tests="132" errors="0" skipped="0" failures="0">
  <properties>
[...]
</properties>
  <testcase name="givenBookWithInvalidISBN_WhenAddBook_ThenThrowIllegalArgumentException(String)[1]" classname="ac.il.bgu.qa.TestLibrary" time="0.483"/>
  <testcase name="givenBookWithInvalidISBN_WhenAddBook_ThenThrowIllegalArgumentException(String)[2]" classname="ac.il.bgu.qa.TestLibrary" time="0.006"/>
  <testcase name="givenBookWithInvalidISBN_WhenAddBook_ThenThrowIllegalArgumentException(String)[3]" classname="ac.il.bgu.qa.TestLibrary" time="0.008"/>
  <testcase name="givenBookWithInvalidISBN_WhenAddBook_ThenThrowIllegalArgumentException(String)[4]" classname="ac.il.bgu.qa.TestLibrary" time="0.007"/>
  <testcase name="givenBookWithInvalidISBN_WhenAddBook_ThenThrowIllegalArgumentException(String)[5]" classname="ac.il.bgu.qa.TestLibrary" time="0.006"/>
  <testcase name="givenBookWithInvalidISBN_WhenAddBook_ThenThrowIllegalArgumentException(String)[6]" classname="ac.il.bgu.qa.TestLibrary" time="0.008"/>
  <testcase name="givenBookWithInvalidISBN_WhenAddBook_ThenThrowIllegalArgumentException(String)[7]" classname="ac.il.bgu.qa.TestLibrary" time="0.004"/>
  <testcase name="givenBookWithInvalidISBN_WhenAddBook_ThenThrowIllegalArgumentException(String)[8]" classname="ac.il.bgu.qa.TestLibrary" time="0.005"/>
  <testcase name="givenNullReviews_WhenNotifyUserWithBookReviews_ThenThrowNoReviewsFoundException" classname="ac.il.bgu.qa.TestLibrary" time="0.01"/>
  <testcase name="givenReviewsException_WhenNotifyUserWithBookReviews_ThenThrowReviewServiceUnavailableException" classname="ac.il.bgu.qa.TestLibrary" time="0.009"/>
  <testcase name="givenNullISBN_WhenBorrowBook_ThenThrowIllegalArgumentException" classname="ac.il.bgu.qa.TestLibrary" time="0.004"/>
  <testcase name="givenAlreadyBorrowedBook_WhenBorrowBook_ThenThrowBookAlreadyBorrowedException" classname="ac.il.bgu.qa.TestLibrary" time="0.005"/>
  <testcase name="givenInvalidISBN_WhenNotifyUserWithBookReviews_ThenThrowIllegalArgumentException(String)[1]" classname="ac.il.bgu.qa.TestLibrary" time="0.005"/>
  <testcase name="givenInvalidISBN_WhenNotifyUserWithBookReviews_ThenThrowIllegalArgumentException(String)[2]" classname="ac.il.bgu.qa.TestLibrary" time="0.007"/>
  <testcase name="givenInvalidISBN_WhenNotifyUserWithBookReviews_ThenThrowIllegalArgumentException(String)[3]" classname="ac.il.bgu.qa.TestLibrary" time="0.003"/>
  <testcase name="givenInvalidISBN_WhenNotifyUserWithBookReviews_ThenThrowIllegalArgumentException(String)[4]" classname="ac.il.bgu.qa.TestLibrary" time="0.008"/>
  <testcase name="givenInvalidISBN_WhenNotifyUserWithBookReviews_ThenThrowIllegalArgumentException(String)[5]" classname="ac.il.bgu.qa.TestLibrary" time="0.007"/>
  <testcase name="givenInvalidISBN_WhenNotifyUserWithBookReviews_ThenThrowIllegalArgumentException(String)[6]" classname="ac.il.bgu.qa.TestLibrary" time="0.007"/>
  <testcase name="givenInvalidISBN_WhenNotifyUserWithBookReviews_ThenThrowIllegalArgumentException(String)[7]" classname="ac.il.bgu.qa.TestLibrary" time="0.005"/>
  <testcase name="givenInvalidISBN_WhenNotifyUserWithBookReviews_ThenThrowIllegalArgumentException(String)[8]" classname="ac.il.bgu.qa.TestLibrary" time="0.007"/>
  <testcase name="givenBookAlreadyInDB_WhenAddBook_ThenThrowIllegalArgumentException" classname="ac.il.bgu.qa.TestLibrary" time="0.021"/>
  <testcase name="givenUserWithInvalidID_WhenRegisterUser_ThenThrowIllegalArgumentException(String)[1]" classname="ac.il.bgu.qa.TestLibrary" time="0.006"/>
  <testcase name="givenUserWithInvalidID_WhenRegisterUser_ThenThrowIllegalArgumentException(String)[2]" classname="ac.il.bgu.qa.TestLibrary" time="0.006"/>
  <testcase name="givenUserWithInvalidID_WhenRegisterUser_ThenThrowIllegalArgumentException(String)[3]" classname="ac.il.bgu.qa.TestLibrary" time="0.003"/>
  <testcase name="givenUserWithInvalidID_WhenRegisterUser_ThenThrowIllegalArgumentException(String)[4]" classname="ac.il.bgu.qa.TestLibrary" time="0.004"/>
  <testcase name="givenUserWithInvalidID_WhenRegisterUser_ThenThrowIllegalArgumentException(String)[5]" classname="ac.il.bgu.qa.TestLibrary" time="0.005"/>
  <testcase name="givenUserWithInvalidID_WhenRegisterUser_ThenThrowIllegalArgumentException(String)[6]" classname="ac.il.bgu.qa.TestLibrary" time="0.005"/>
  <testcase name="givenUserWithInvalidID_WhenRegisterUser_ThenThrowIllegalArgumentException(String)[7]" classname="ac.il.bgu.qa.TestLibrary" time="0.003"/>
  <testcase name="givenUserWithInvalidID_WhenRegisterUser_ThenThrowIllegalArgumentException(String)[8]" classname="ac.il.bgu.qa.TestLibrary" time="0.004"/>
  <testcase name="givenUserWithInvalidID_WhenRegisterUser_ThenThrowIllegalArgumentException(String)[9]" classname="ac.il.bgu.qa.TestLibrary" time="0.003"/>
  <testcase name="givenUserWithInvalidID_WhenRegisterUser_ThenThrowIllegalArgumentException(String)[10]" classname="ac.il.bgu.qa.TestLibrary" time="0.006"/>
  <testcase name="givenUserWithInvalidID_WhenRegisterUser_ThenThrowIllegalArgumentException(String)[11]" classname="ac.il.bgu.qa.TestLibrary" time="0.007"/>
  <testcase name="givenUserWithInvalidID_WhenRegisterUser_ThenThrowIllegalArgumentException(String)[12]" classname="ac.il.bgu.qa.TestLibrary" time="0.003"/>
  <testcase name="givenInvalidISBN_WhenReturnBook_ThenThrowIllegalArgumentException(String)[1]" classname="ac.il.bgu.qa.TestLibrary" time="0.007"/>
  <testcase name="givenInvalidISBN_WhenReturnBook_ThenThrowIllegalArgumentException(String)[2]" classname="ac.il.bgu.qa.TestLibrary" time="0.005"/>
  <testcase name="givenInvalidISBN_WhenReturnBook_ThenThrowIllegalArgumentException(String)[3]" classname="ac.il.bgu.qa.TestLibrary" time="0.003"/>
  <testcase name="givenInvalidISBN_WhenReturnBook_ThenThrowIllegalArgumentException(String)[4]" classname="ac.il.bgu.qa.TestLibrary" time="0.003"/>
  <testcase name="givenInvalidISBN_WhenReturnBook_ThenThrowIllegalArgumentException(String)[5]" classname="ac.il.bgu.qa.TestLibrary" time="0.003"/>
  <testcase name="givenInvalidISBN_WhenReturnBook_ThenThrowIllegalArgumentException(String)[6]" classname="ac.il.bgu.qa.TestLibrary" time="0.002"/>
  <testcase name="givenInvalidISBN_WhenReturnBook_ThenThrowIllegalArgumentException(String)[7]" classname="ac.il.bgu.qa.TestLibrary" time="0.003"/>
  <testcase name="givenInvalidISBN_WhenReturnBook_ThenThrowIllegalArgumentException(String)[8]" classname="ac.il.bgu.qa.TestLibrary" time="0.002"/>
  <testcase name="givenNullISBN_WhenGetBookByISBN_ThenThrowIllegalArgumentException" classname="ac.il.bgu.qa.TestLibrary" time="0.004"/>
  <testcase name="givenBookNotInDB_WhenBorrowBook_ThenThrowBookNotFoundException" classname="ac.il.bgu.qa.TestLibrary" time="0.004"/>
  <testcase name="givenUserWithNullID_WhenRegisterUser_ThenThrowIllegalArgumentException" classname="ac.il.bgu.qa.TestLibrary" time="0.004"/>
  <testcase name="givenValidISBNAndUserID_WhenGetBookByISBN_ThenReturnBook" classname="ac.il.bgu.qa.TestLibrary" time="0.004">
    <system-out><![CDATA[Notification failed!
]]></system-out>
  </testcase>
  <testcase name="givenInvalidISBN_WhenBorrowBook_ThenThrowIllegalArgumentException(String)[1]" classname="ac.il.bgu.qa.TestLibrary" time="0.009"/>
  <testcase name="givenInvalidISBN_WhenBorrowBook_ThenThrowIllegalArgumentException(String)[2]" classname="ac.il.bgu.qa.TestLibrary" time="0.003"/>
  <testcase name="givenInvalidISBN_WhenBorrowBook_ThenThrowIllegalArgumentException(String)[3]" classname="ac.il.bgu.qa.TestLibrary" time="0.004"/>
  <testcase name="givenInvalidISBN_WhenBorrowBook_ThenThrowIllegalArgumentException(String)[4]" classname="ac.il.bgu.qa.TestLibrary" time="0.002"/>
  <testcase name="givenInvalidISBN_WhenBorrowBook_ThenThrowIllegalArgumentException(String)[5]" classname="ac.il.bgu.qa.TestLibrary" time="0.002"/>
  <testcase name="givenInvalidISBN_WhenBorrowBook_ThenThrowIllegalArgumentException(String)[6]" classname="ac.il.bgu.qa.TestLibrary" time="0.003"/>
  <testcase name="givenInvalidISBN_WhenBorrowBook_ThenThrowIllegalArgumentException(String)[7]" classname="ac.il.bgu.qa.TestLibrary" time="0.004"/>
  <testcase name="givenInvalidISBN_WhenBorrowBook_ThenThrowIllegalArgumentException(String)[8]" classname="ac.il.bgu.qa.TestLibrary" time="0.002"/>
  <testcase name="givenUserNotInDB_WhenBorrowBook_ThenThrowUserNotRegisteredException" classname="ac.il.bgu.qa.TestLibrary" time="0.004"/>
  <testcase name="givenInvalidUserID_WhenGetBookByISBN_ThenThrowIllegalArgumentException(String)[1]" classname="ac.il.bgu.qa.TestLibrary" time="0.003"/>
  <testcase name="givenInvalidUserID_WhenGetBookByISBN_ThenThrowIllegalArgumentException(String)[2]" classname="ac.il.bgu.qa.TestLibrary" time="0.002"/>
  <testcase name="givenInvalidUserID_WhenGetBookByISBN_ThenThrowIllegalArgumentException(String)[3]" classname="ac.il.bgu.qa.TestLibrary" time="0.002"/>
  <testcase name="givenInvalidUserID_WhenGetBookByISBN_ThenThrowIllegalArgumentException(String)[4]" classname="ac.il.bgu.qa.TestLibrary" time="0.002"/>
  <testcase name="givenInvalidUserID_WhenGetBookByISBN_ThenThrowIllegalArgumentException(String)[5]" classname="ac.il.bgu.qa.TestLibrary" time="0.002"/>
  <testcase name="givenInvalidUserID_WhenGetBookByISBN_ThenThrowIllegalArgumentException(String)[6]" classname="ac.il.bgu.qa.TestLibrary" time="0.002"/>
  <testcase name="givenInvalidUserID_WhenGetBookByISBN_ThenThrowIllegalArgumentException(String)[7]" classname="ac.il.bgu.qa.TestLibrary" time="0.003"/>
  <testcase name="givenInvalidUserID_WhenGetBookByISBN_ThenThrowIllegalArgumentException(String)[8]" classname="ac.il.bgu.qa.TestLibrary" time="0.002"/>
  <testcase name="givenInvalidUserID_WhenGetBookByISBN_ThenThrowIllegalArgumentException(String)[9]" classname="ac.il.bgu.qa.TestLibrary" time="0.004"/>
  <testcase name="givenInvalidUserID_WhenGetBookByISBN_ThenThrowIllegalArgumentException(String)[10]" classname="ac.il.bgu.qa.TestLibrary" time="0.002"/>
  <testcase name="givenInvalidUserID_WhenGetBookByISBN_ThenThrowIllegalArgumentException(String)[11]" classname="ac.il.bgu.qa.TestLibrary" time="0.003"/>
  <testcase name="givenBookWithEmptyTitle_WhenAddBook_ThenThrowIllegalArgumentException" classname="ac.il.bgu.qa.TestLibrary" time="0.003"/>
  <testcase name="givenValidBookReviewsAndUser_WhenNotifyUserWithBookReviews_ThenNotificationSent" classname="ac.il.bgu.qa.TestLibrary" time="0.009"/>
  <testcase name="givenValidUser_WhenRegisterUser_ThenUserRegistered" classname="ac.il.bgu.qa.TestLibrary" time="0.003"/>
  <testcase name="givenNullUser_WhenRegisterUser_ThenThrowIllegalArgumentException" classname="ac.il.bgu.qa.TestLibrary" time="0.003"/>
  <testcase name="givenInvalidISBN_WhenGetBookByISBN_ThenThrowIllegalArgumentException(String)[1]" classname="ac.il.bgu.qa.TestLibrary" time="0.002"/>
  <testcase name="givenInvalidISBN_WhenGetBookByISBN_ThenThrowIllegalArgumentException(String)[2]" classname="ac.il.bgu.qa.TestLibrary" time="0.001"/>
  <testcase name="givenInvalidISBN_WhenGetBookByISBN_ThenThrowIllegalArgumentException(String)[3]" classname="ac.il.bgu.qa.TestLibrary" time="0.001"/>
  <testcase name="givenInvalidISBN_WhenGetBookByISBN_ThenThrowIllegalArgumentException(String)[4]" classname="ac.il.bgu.qa.TestLibrary" time="0.001"/>
  <testcase name="givenInvalidISBN_WhenGetBookByISBN_ThenThrowIllegalArgumentException(String)[5]" classname="ac.il.bgu.qa.TestLibrary" time="0.003"/>
  <testcase name="givenInvalidISBN_WhenGetBookByISBN_ThenThrowIllegalArgumentException(String)[6]" classname="ac.il.bgu.qa.TestLibrary" time="0.002"/>
  <testcase name="givenInvalidISBN_WhenGetBookByISBN_ThenThrowIllegalArgumentException(String)[7]" classname="ac.il.bgu.qa.TestLibrary" time="0.002"/>
  <testcase name="givenInvalidISBN_WhenGetBookByISBN_ThenThrowIllegalArgumentException(String)[8]" classname="ac.il.bgu.qa.TestLibrary" time="0.002"/>
  <testcase name="givenUserWithInvalidID_WhenNotifyUserWithBookReviews_ThenThrowIllegalArgumentException(String)[1]" classname="ac.il.bgu.qa.TestLibrary" time="0.003"/>
  <testcase name="givenUserWithInvalidID_WhenNotifyUserWithBookReviews_ThenThrowIllegalArgumentException(String)[2]" classname="ac.il.bgu.qa.TestLibrary" time="0.002"/>
  <testcase name="givenUserWithInvalidID_WhenNotifyUserWithBookReviews_ThenThrowIllegalArgumentException(String)[3]" classname="ac.il.bgu.qa.TestLibrary" time="0.002"/>
  <testcase name="givenUserWithInvalidID_WhenNotifyUserWithBookReviews_ThenThrowIllegalArgumentException(String)[4]" classname="ac.il.bgu.qa.TestLibrary" time="0.002"/>
  <testcase name="givenUserWithInvalidID_WhenNotifyUserWithBookReviews_ThenThrowIllegalArgumentException(String)[5]" classname="ac.il.bgu.qa.TestLibrary" time="0.002"/>
  <testcase name="givenUserWithInvalidID_WhenNotifyUserWithBookReviews_ThenThrowIllegalArgumentException(String)[6]" classname="ac.il.bgu.qa.TestLibrary" time="0.002"/>
  <testcase name="givenUserWithInvalidID_WhenNotifyUserWithBookReviews_ThenThrowIllegalArgumentException(String)[7]" classname="ac.il.bgu.qa.TestLibrary" time="0.005"/>
  <testcase name="givenUserWithInvalidID_WhenNotifyUserWithBookReviews_ThenThrowIllegalArgumentException(String)[8]" classname="ac.il.bgu.qa.TestLibrary" time="0.002"/>
  <testcase name="givenUserWithInvalidID_WhenNotifyUserWithBookReviews_ThenThrowIllegalArgumentException(String)[9]" classname="ac.il.bgu.qa.TestLibrary" time="0.002"/>
  <testcase name="givenUserWithInvalidID_WhenNotifyUserWithBookReviews_ThenThrowIllegalArgumentException(String)[10]" classname="ac.il.bgu.qa.TestLibrary" time="0.002"/>
  <testcase name="givenUserWithInvalidID_WhenNotifyUserWithBookReviews_ThenThrowIllegalArgumentException(String)[11]" classname="ac.il.bgu.qa.TestLibrary" time="0.002"/>
  <testcase name="givenValidBookAndUser_WhenBorrowBook_ThenBookBorrowed" classname="ac.il.bgu.qa.TestLibrary" time="0.002"/>
  <testcase name="givenValidBook_WhenReturnBook_ThenBookReturned" classname="ac.il.bgu.qa.TestLibrary" time="0.003"/>
  <testcase name="givenBookNotInDB_WhenReturnBook_ThenThrowBookNotFoundException" classname="ac.il.bgu.qa.TestLibrary" time="0.003"/>
  <testcase name="givenInvalidNotification_WhenNotifyUserWithBookReviews_ThenThrowNotificationException" classname="ac.il.bgu.qa.TestLibrary" time="0.005">
    <system-err><![CDATA[Notification failed! Retrying attempt 1/5
Notification failed! Retrying attempt 2/5
Notification failed! Retrying attempt 3/5
Notification failed! Retrying attempt 4/5
Notification failed! Retrying attempt 5/5
]]></system-err>
  </testcase>
  <testcase name="givenNullUserID_WhenNotifyUserWithBookReviews_ThenThrowIllegalArgumentException" classname="ac.il.bgu.qa.TestLibrary" time="0.003"/>
  <testcase name="givenNullUserID_WhenBorrowBook_ThenThrowIllegalArgumentException" classname="ac.il.bgu.qa.TestLibrary" time="0.001"/>
  <testcase name="givenNullISBN_WhenNotifyUserWithBookReviews_ThenThrowIllegalArgumentException" classname="ac.il.bgu.qa.TestLibrary" time="0.004"/>
  <testcase name="givenEmptyReviews_WhenNotifyUserWithBookReviews_ThenThrowNoReviewsFoundException" classname="ac.il.bgu.qa.TestLibrary" time="0.003"/>
  <testcase name="givenBookWithNullAuthor_WhenAddBook_ThenThrowIllegalArgumentException" classname="ac.il.bgu.qa.TestLibrary" time="0.006"/>
  <testcase name="givenFailToNotify_WhenGetBookByISBN_ThenIgnoreAndReturnBook" classname="ac.il.bgu.qa.TestLibrary" time="0.005">
    <system-out><![CDATA[Notification failed!
]]></system-out>
  </testcase>
  <testcase name="givenInvalidUserID_WhenBorrowBook_ThenThrowIllegalArgumentException(String)[1]" classname="ac.il.bgu.qa.TestLibrary" time="0.003"/>
  <testcase name="givenInvalidUserID_WhenBorrowBook_ThenThrowIllegalArgumentException(String)[2]" classname="ac.il.bgu.qa.TestLibrary" time="0.002"/>
  <testcase name="givenInvalidUserID_WhenBorrowBook_ThenThrowIllegalArgumentException(String)[3]" classname="ac.il.bgu.qa.TestLibrary" time="0.002"/>
  <testcase name="givenInvalidUserID_WhenBorrowBook_ThenThrowIllegalArgumentException(String)[4]" classname="ac.il.bgu.qa.TestLibrary" time="0.004"/>
  <testcase name="givenInvalidUserID_WhenBorrowBook_ThenThrowIllegalArgumentException(String)[5]" classname="ac.il.bgu.qa.TestLibrary" time="0.002"/>
  <testcase name="givenInvalidUserID_WhenBorrowBook_ThenThrowIllegalArgumentException(String)[6]" classname="ac.il.bgu.qa.TestLibrary" time="0.002"/>
  <testcase name="givenInvalidUserID_WhenBorrowBook_ThenThrowIllegalArgumentException(String)[7]" classname="ac.il.bgu.qa.TestLibrary" time="0.003"/>
  <testcase name="givenInvalidUserID_WhenBorrowBook_ThenThrowIllegalArgumentException(String)[8]" classname="ac.il.bgu.qa.TestLibrary" time="0.003"/>
  <testcase name="givenInvalidUserID_WhenBorrowBook_ThenThrowIllegalArgumentException(String)[9]" classname="ac.il.bgu.qa.TestLibrary" time="0.001"/>
  <testcase name="givenInvalidUserID_WhenBorrowBook_ThenThrowIllegalArgumentException(String)[10]" classname="ac.il.bgu.qa.TestLibrary" time="0.003"/>
  <testcase name="givenInvalidUserID_WhenBorrowBook_ThenThrowIllegalArgumentException(String)[11]" classname="ac.il.bgu.qa.TestLibrary" time="0.002"/>
  <testcase name="givenUserWithNullName_WhenRegisterUser_ThenThrowIllegalArgumentException" classname="ac.il.bgu.qa.TestLibrary" time="0.002"/>
  <testcase name="givenNullUser_WhenNotifyUserWithBookReviews_ThenThrowUserNotRegisteredException" classname="ac.il.bgu.qa.TestLibrary" time="0.002"/>
  <testcase name="givenBookWithNullISBN_WhenAddBook_ThenThrowIllegalArgumentException" classname="ac.il.bgu.qa.TestLibrary" time="0.002"/>
  <testcase name="givenUserWithEmptyName_WhenRegisterUser_ThenThrowIllegalArgumentException" classname="ac.il.bgu.qa.TestLibrary" time="0.001"/>
  <testcase name="givenNullBook_WhenNotifyUserWithBookReviews_ThenThrowBookNotFoundException" classname="ac.il.bgu.qa.TestLibrary" time="0.002"/>
  <testcase name="givenBookNotBorrowed_WhenReturnBook_ThenThrowBookNotBorrowedException" classname="ac.il.bgu.qa.TestLibrary" time="0.002"/>
  <testcase name="givenAlreadyBorrowedBook_WhenAddBook_ThenThrowIllegalArgumentException" classname="ac.il.bgu.qa.TestLibrary" time="0.002"/>
  <testcase name="givenNullUserID_WhenGetBookByISBN_ThenThrowIllegalArgumentException" classname="ac.il.bgu.qa.TestLibrary" time="0.001"/>
  <testcase name="givenAlreadyBorrowedBook_WhenGetBookByISBN_ThenThrowBookAlreadyBorrowedException" classname="ac.il.bgu.qa.TestLibrary" time="0.003"/>
  <testcase name="givenValidBook_WhenAddBook_ThenBookAddedToLibrary" classname="ac.il.bgu.qa.TestLibrary" time="0.004"/>
  <testcase name="givenBookWithInvalidAuthor_WhenAddBook_ThenThrowIllegalArgumentException(String)[1]" classname="ac.il.bgu.qa.TestLibrary" time="0.002"/>
  <testcase name="givenBookWithInvalidAuthor_WhenAddBook_ThenThrowIllegalArgumentException(String)[2]" classname="ac.il.bgu.qa.TestLibrary" time="0.004"/>
  <testcase name="givenBookWithInvalidAuthor_WhenAddBook_ThenThrowIllegalArgumentException(String)[3]" classname="ac.il.bgu.qa.TestLibrary" time="0.003"/>
  <testcase name="givenBookWithInvalidAuthor_WhenAddBook_ThenThrowIllegalArgumentException(String)[4]" classname="ac.il.bgu.qa.TestLibrary" time="0.002"/>
  <testcase name="givenBookWithInvalidAuthor_WhenAddBook_ThenThrowIllegalArgumentException(String)[5]" classname="ac.il.bgu.qa.TestLibrary" time="0.002"/>
  <testcase name="givenBookWithInvalidAuthor_WhenAddBook_ThenThrowIllegalArgumentException(String)[6]" classname="ac.il.bgu.qa.TestLibrary" time="0.001"/>
  <testcase name="givenBookWithInvalidAuthor_WhenAddBook_ThenThrowIllegalArgumentException(String)[7]" classname="ac.il.bgu.qa.TestLibrary" time="0.001"/>
  <testcase name="givenNullBook_WhenGetBookByISBN_ThenThrowBookNotFoundException" classname="ac.il.bgu.qa.TestLibrary" time="0.001"/>
  <testcase name="givenUserAlreadyInDB_WhenRegisterUser_ThenThrowIllegalArgumentException" classname="ac.il.bgu.qa.TestLibrary" time="0.002"/>
  <testcase name="givenUserWithNullNotificationService_WhenRegisterUser_ThenThrowIllegalArgumentException" classname="ac.il.bgu.qa.TestLibrary" time="0.002"/>
  <testcase name="givenBookWithNullTitle_WhenAddBook_ThenThrowIllegalArgumentException" classname="ac.il.bgu.qa.TestLibrary" time="0.002"/>
  <testcase name="givenNullBook_WhenAddBook_ThenThrowIllegalArgumentException" classname="ac.il.bgu.qa.TestLibrary" time="0.001"/>
  <testcase name="givenNullISBN_WhenReturnBook_ThenThrowIllegalArgumentException" classname="ac.il.bgu.qa.TestLibrary" time="0.002"/>
</testsuite>